{"/Users/nicolaspeyrichou/Desktop/capstone/description-item/data/seedDataGenerator.js": {"path":"/Users/nicolaspeyrichou/Desktop/capstone/description-item/data/seedDataGenerator.js","statementMap":{"0":{"start":{"line":1,"column":17},"end":{"line":1,"column":43}},"1":{"start":{"line":4,"column":26},"end":{"line":4,"column":99}},"2":{"start":{"line":5,"column":18},"end":{"line":5,"column":148}},"3":{"start":{"line":6,"column":19},"end":{"line":6,"column":721}},"4":{"start":{"line":7,"column":22},"end":{"line":7,"column":200}},"5":{"start":{"line":8,"column":21},"end":{"line":8,"column":106}},"6":{"start":{"line":9,"column":17},"end":{"line":9,"column":105}},"7":{"start":{"line":10,"column":24},"end":{"line":10,"column":266}},"8":{"start":{"line":11,"column":21},"end":{"line":11,"column":623}},"9":{"start":{"line":12,"column":20},"end":{"line":12,"column":117}},"10":{"start":{"line":13,"column":18},"end":{"line":13,"column":443}},"11":{"start":{"line":16,"column":26},"end":{"line":16,"column":217}},"12":{"start":{"line":17,"column":18},"end":{"line":17,"column":178}},"13":{"start":{"line":18,"column":19},"end":{"line":18,"column":824}},"14":{"start":{"line":19,"column":22},"end":{"line":19,"column":256}},"15":{"start":{"line":20,"column":21},"end":{"line":20,"column":194}},"16":{"start":{"line":21,"column":17},"end":{"line":21,"column":340}},"17":{"start":{"line":22,"column":24},"end":{"line":22,"column":100}},"18":{"start":{"line":23,"column":21},"end":{"line":23,"column":606}},"19":{"start":{"line":24,"column":20},"end":{"line":24,"column":172}},"20":{"start":{"line":25,"column":18},"end":{"line":25,"column":238}},"21":{"start":{"line":28,"column":17},"end":{"line":28,"column":104}},"22":{"start":{"line":31,"column":14},"end":{"line":31,"column":27}},"23":{"start":{"line":34,"column":20},"end":{"line":35,"column":617}},"24":{"start":{"line":38,"column":22},"end":{"line":41,"column":1}},"25":{"start":{"line":39,"column":22},"end":{"line":39,"column":62}},"26":{"start":{"line":40,"column":2},"end":{"line":40,"column":28}},"27":{"start":{"line":44,"column":21},"end":{"line":48,"column":1}},"28":{"start":{"line":45,"column":17},"end":{"line":45,"column":31}},"29":{"start":{"line":46,"column":17},"end":{"line":46,"column":32}},"30":{"start":{"line":47,"column":2},"end":{"line":47,"column":64}},"31":{"start":{"line":51,"column":24},"end":{"line":51,"column":72}},"32":{"start":{"line":51,"column":31},"end":{"line":51,"column":72}},"33":{"start":{"line":54,"column":26},"end":{"line":60,"column":1}},"34":{"start":{"line":55,"column":17},"end":{"line":55,"column":19}},"35":{"start":{"line":56,"column":2},"end":{"line":58,"column":3}},"36":{"start":{"line":57,"column":4},"end":{"line":57,"column":44}},"37":{"start":{"line":59,"column":2},"end":{"line":59,"column":16}},"38":{"start":{"line":63,"column":16},"end":{"line":119,"column":2}},"39":{"start":{"line":63,"column":23},"end":{"line":119,"column":2}},"40":{"start":{"line":64,"column":15},"end":{"line":64,"column":19}},"41":{"start":{"line":65,"column":2},"end":{"line":69,"column":3}},"42":{"start":{"line":66,"column":4},"end":{"line":66,"column":45}},"43":{"start":{"line":67,"column":4},"end":{"line":67,"column":45}},"44":{"start":{"line":68,"column":4},"end":{"line":68,"column":38}},"45":{"start":{"line":70,"column":2},"end":{"line":74,"column":3}},"46":{"start":{"line":71,"column":4},"end":{"line":71,"column":42}},"47":{"start":{"line":72,"column":4},"end":{"line":72,"column":42}},"48":{"start":{"line":73,"column":4},"end":{"line":73,"column":40}},"49":{"start":{"line":75,"column":2},"end":{"line":79,"column":3}},"50":{"start":{"line":76,"column":4},"end":{"line":76,"column":45}},"51":{"start":{"line":77,"column":4},"end":{"line":77,"column":45}},"52":{"start":{"line":78,"column":4},"end":{"line":78,"column":40}},"53":{"start":{"line":80,"column":2},"end":{"line":84,"column":3}},"54":{"start":{"line":81,"column":4},"end":{"line":81,"column":43}},"55":{"start":{"line":82,"column":4},"end":{"line":82,"column":43}},"56":{"start":{"line":83,"column":4},"end":{"line":83,"column":37}},"57":{"start":{"line":85,"column":2},"end":{"line":89,"column":3}},"58":{"start":{"line":86,"column":4},"end":{"line":86,"column":42}},"59":{"start":{"line":87,"column":4},"end":{"line":87,"column":42}},"60":{"start":{"line":88,"column":4},"end":{"line":88,"column":37}},"61":{"start":{"line":90,"column":2},"end":{"line":94,"column":3}},"62":{"start":{"line":91,"column":4},"end":{"line":91,"column":50}},"63":{"start":{"line":92,"column":4},"end":{"line":92,"column":50}},"64":{"start":{"line":93,"column":4},"end":{"line":93,"column":39}},"65":{"start":{"line":95,"column":2},"end":{"line":99,"column":3}},"66":{"start":{"line":96,"column":4},"end":{"line":96,"column":44}},"67":{"start":{"line":97,"column":4},"end":{"line":97,"column":44}},"68":{"start":{"line":98,"column":4},"end":{"line":98,"column":39}},"69":{"start":{"line":100,"column":2},"end":{"line":104,"column":3}},"70":{"start":{"line":101,"column":4},"end":{"line":101,"column":41}},"71":{"start":{"line":102,"column":4},"end":{"line":102,"column":41}},"72":{"start":{"line":103,"column":4},"end":{"line":103,"column":39}},"73":{"start":{"line":105,"column":2},"end":{"line":109,"column":3}},"74":{"start":{"line":106,"column":4},"end":{"line":106,"column":46}},"75":{"start":{"line":107,"column":4},"end":{"line":107,"column":46}},"76":{"start":{"line":108,"column":4},"end":{"line":108,"column":39}},"77":{"start":{"line":110,"column":2},"end":{"line":114,"column":3}},"78":{"start":{"line":111,"column":4},"end":{"line":111,"column":48}},"79":{"start":{"line":112,"column":4},"end":{"line":112,"column":48}},"80":{"start":{"line":113,"column":4},"end":{"line":113,"column":40}},"81":{"start":{"line":115,"column":2},"end":{"line":115,"column":42}},"82":{"start":{"line":116,"column":2},"end":{"line":116,"column":36}},"83":{"start":{"line":117,"column":2},"end":{"line":117,"column":41}},"84":{"start":{"line":118,"column":2},"end":{"line":118,"column":14}},"85":{"start":{"line":121,"column":0},"end":{"line":128,"column":2}}},"fnMap":{"0":{"name":"(anonymous_0)","decl":{"start":{"line":38,"column":22},"end":{"line":38,"column":23}},"loc":{"start":{"line":38,"column":33},"end":{"line":41,"column":1}},"line":38},"1":{"name":"(anonymous_1)","decl":{"start":{"line":44,"column":21},"end":{"line":44,"column":22}},"loc":{"start":{"line":44,"column":35},"end":{"line":48,"column":1}},"line":44},"2":{"name":"(anonymous_2)","decl":{"start":{"line":51,"column":24},"end":{"line":51,"column":25}},"loc":{"start":{"line":51,"column":31},"end":{"line":51,"column":72}},"line":51},"3":{"name":"(anonymous_3)","decl":{"start":{"line":54,"column":26},"end":{"line":54,"column":27}},"loc":{"start":{"line":54,"column":32},"end":{"line":60,"column":1}},"line":54},"4":{"name":"(anonymous_4)","decl":{"start":{"line":63,"column":16},"end":{"line":63,"column":17}},"loc":{"start":{"line":63,"column":23},"end":{"line":119,"column":2}},"line":63},"5":{"name":"(anonymous_5)","decl":{"start":{"line":63,"column":31},"end":{"line":63,"column":32}},"loc":{"start":{"line":63,"column":41},"end":{"line":119,"column":1}},"line":63}},"branchMap":{"0":{"loc":{"start":{"line":65,"column":2},"end":{"line":69,"column":3}},"type":"if","locations":[{"start":{"line":65,"column":2},"end":{"line":69,"column":3}},{"start":{"line":65,"column":2},"end":{"line":69,"column":3}}],"line":65},"1":{"loc":{"start":{"line":70,"column":2},"end":{"line":74,"column":3}},"type":"if","locations":[{"start":{"line":70,"column":2},"end":{"line":74,"column":3}},{"start":{"line":70,"column":2},"end":{"line":74,"column":3}}],"line":70},"2":{"loc":{"start":{"line":75,"column":2},"end":{"line":79,"column":3}},"type":"if","locations":[{"start":{"line":75,"column":2},"end":{"line":79,"column":3}},{"start":{"line":75,"column":2},"end":{"line":79,"column":3}}],"line":75},"3":{"loc":{"start":{"line":80,"column":2},"end":{"line":84,"column":3}},"type":"if","locations":[{"start":{"line":80,"column":2},"end":{"line":84,"column":3}},{"start":{"line":80,"column":2},"end":{"line":84,"column":3}}],"line":80},"4":{"loc":{"start":{"line":85,"column":2},"end":{"line":89,"column":3}},"type":"if","locations":[{"start":{"line":85,"column":2},"end":{"line":89,"column":3}},{"start":{"line":85,"column":2},"end":{"line":89,"column":3}}],"line":85},"5":{"loc":{"start":{"line":90,"column":2},"end":{"line":94,"column":3}},"type":"if","locations":[{"start":{"line":90,"column":2},"end":{"line":94,"column":3}},{"start":{"line":90,"column":2},"end":{"line":94,"column":3}}],"line":90},"6":{"loc":{"start":{"line":95,"column":2},"end":{"line":99,"column":3}},"type":"if","locations":[{"start":{"line":95,"column":2},"end":{"line":99,"column":3}},{"start":{"line":95,"column":2},"end":{"line":99,"column":3}}],"line":95},"7":{"loc":{"start":{"line":100,"column":2},"end":{"line":104,"column":3}},"type":"if","locations":[{"start":{"line":100,"column":2},"end":{"line":104,"column":3}},{"start":{"line":100,"column":2},"end":{"line":104,"column":3}}],"line":100},"8":{"loc":{"start":{"line":105,"column":2},"end":{"line":109,"column":3}},"type":"if","locations":[{"start":{"line":105,"column":2},"end":{"line":109,"column":3}},{"start":{"line":105,"column":2},"end":{"line":109,"column":3}}],"line":105},"9":{"loc":{"start":{"line":110,"column":2},"end":{"line":114,"column":3}},"type":"if","locations":[{"start":{"line":110,"column":2},"end":{"line":114,"column":3}},{"start":{"line":110,"column":2},"end":{"line":114,"column":3}}],"line":110}},"s":{"0":1,"1":1,"2":1,"3":1,"4":1,"5":1,"6":1,"7":1,"8":1,"9":1,"10":1,"11":1,"12":1,"13":1,"14":1,"15":1,"16":1,"17":1,"18":1,"19":1,"20":1,"21":1,"22":1,"23":1,"24":1,"25":2191,"26":2191,"27":1,"28":1,"29":1,"30":1,"31":1,"32":1893,"33":1,"34":301,"35":301,"36":1591,"37":301,"38":1,"39":1,"40":300,"41":300,"42":0,"43":0,"44":0,"45":300,"46":0,"47":0,"48":0,"49":300,"50":0,"51":0,"52":0,"53":300,"54":0,"55":0,"56":0,"57":300,"58":0,"59":0,"60":0,"61":300,"62":0,"63":0,"64":0,"65":300,"66":0,"67":0,"68":0,"69":300,"70":0,"71":0,"72":0,"73":300,"74":0,"75":0,"76":0,"77":300,"78":0,"79":0,"80":0,"81":300,"82":300,"83":300,"84":300,"85":1},"f":{"0":2191,"1":1,"2":1893,"3":301,"4":1,"5":300},"b":{"0":[0,300],"1":[0,300],"2":[0,300],"3":[0,300],"4":[0,300],"5":[0,300],"6":[0,300],"7":[0,300],"8":[0,300],"9":[0,300]},"_coverageSchema":"332fd63041d2c1bcb487cc26dd0d5f7d97098a6c","hash":"f785773110a1bc9be1c91aa16488047af07ad1ea"}
,"/Users/nicolaspeyrichou/Desktop/capstone/description-item/db/database.js": {"path":"/Users/nicolaspeyrichou/Desktop/capstone/description-item/db/database.js","statementMap":{"0":{"start":{"line":1,"column":17},"end":{"line":1,"column":36}},"1":{"start":{"line":3,"column":22},"end":{"line":20,"column":2}},"2":{"start":{"line":22,"column":17},"end":{"line":22,"column":58}},"3":{"start":{"line":24,"column":15},"end":{"line":26,"column":1}},"4":{"start":{"line":25,"column":2},"end":{"line":25,"column":37}},"5":{"start":{"line":28,"column":23},"end":{"line":30,"column":1}},"6":{"start":{"line":29,"column":2},"end":{"line":29,"column":47}},"7":{"start":{"line":32,"column":0},"end":{"line":32,"column":31}},"8":{"start":{"line":33,"column":0},"end":{"line":33,"column":47}}},"fnMap":{"0":{"name":"(anonymous_0)","decl":{"start":{"line":24,"column":15},"end":{"line":24,"column":16}},"loc":{"start":{"line":24,"column":38},"end":{"line":26,"column":1}},"line":24},"1":{"name":"(anonymous_1)","decl":{"start":{"line":28,"column":23},"end":{"line":28,"column":24}},"loc":{"start":{"line":28,"column":47},"end":{"line":30,"column":1}},"line":28}},"branchMap":{},"s":{"0":2,"1":2,"2":2,"3":2,"4":0,"5":2,"6":0,"7":2,"8":2},"f":{"0":0,"1":0},"b":{},"_coverageSchema":"332fd63041d2c1bcb487cc26dd0d5f7d97098a6c","hash":"3ee1bd618ecc4f4d2b8c9374ef8ee08dbe45df2d"}
,"/Users/nicolaspeyrichou/Desktop/capstone/description-item/react-client/api/fetch.js": {"path":"/Users/nicolaspeyrichou/Desktop/capstone/description-item/react-client/api/fetch.js","statementMap":{"0":{"start":{"line":3,"column":14},"end":{"line":12,"column":1}},"1":{"start":{"line":4,"column":2},"end":{"line":11,"column":40}},"2":{"start":{"line":9,"column":6},"end":{"line":9,"column":30}},"3":{"start":{"line":11,"column":20},"end":{"line":11,"column":38}}},"fnMap":{"0":{"name":"(anonymous_0)","decl":{"start":{"line":3,"column":14},"end":{"line":3,"column":15}},"loc":{"start":{"line":3,"column":32},"end":{"line":12,"column":1}},"line":3},"1":{"name":"(anonymous_1)","decl":{"start":{"line":8,"column":10},"end":{"line":8,"column":11}},"loc":{"start":{"line":8,"column":24},"end":{"line":10,"column":5}},"line":8},"2":{"name":"(anonymous_2)","decl":{"start":{"line":11,"column":11},"end":{"line":11,"column":12}},"loc":{"start":{"line":11,"column":20},"end":{"line":11,"column":38}},"line":11}},"branchMap":{},"s":{"0":1,"1":1,"2":0,"3":1},"f":{"0":1,"1":0,"2":1},"b":{},"_coverageSchema":"332fd63041d2c1bcb487cc26dd0d5f7d97098a6c","hash":"a787726d31b754ad9ba1654d97532b3a4f1a08f8"}
,"/Users/nicolaspeyrichou/Desktop/capstone/description-item/react-client/src/IndexDesc.jsx": {"path":"/Users/nicolaspeyrichou/Desktop/capstone/description-item/react-client/src/IndexDesc.jsx","statementMap":{"0":{"start":{"line":7,"column":4},"end":{"line":7,"column":17}},"1":{"start":{"line":8,"column":4},"end":{"line":10,"column":6}},"2":{"start":{"line":14,"column":4},"end":{"line":18,"column":7}},"3":{"start":{"line":15,"column":30},"end":{"line":15,"column":32}},"4":{"start":{"line":16,"column":6},"end":{"line":16,"column":41}},"5":{"start":{"line":17,"column":6},"end":{"line":17,"column":47}},"6":{"start":{"line":22,"column":4},"end":{"line":26,"column":6}},"7":{"start":{"line":24,"column":34},"end":{"line":24,"column":70}}},"fnMap":{"0":{"name":"(anonymous_0)","decl":{"start":{"line":6,"column":2},"end":{"line":6,"column":3}},"loc":{"start":{"line":6,"column":21},"end":{"line":11,"column":3}},"line":6},"1":{"name":"(anonymous_1)","decl":{"start":{"line":13,"column":2},"end":{"line":13,"column":3}},"loc":{"start":{"line":13,"column":22},"end":{"line":19,"column":3}},"line":13},"2":{"name":"(anonymous_2)","decl":{"start":{"line":14,"column":13},"end":{"line":14,"column":14}},"loc":{"start":{"line":14,"column":31},"end":{"line":18,"column":5}},"line":14},"3":{"name":"(anonymous_3)","decl":{"start":{"line":21,"column":2},"end":{"line":21,"column":3}},"loc":{"start":{"line":21,"column":11},"end":{"line":27,"column":3}},"line":21},"4":{"name":"(anonymous_4)","decl":{"start":{"line":24,"column":29},"end":{"line":24,"column":30}},"loc":{"start":{"line":24,"column":34},"end":{"line":24,"column":70}},"line":24}},"branchMap":{},"s":{"0":1,"1":1,"2":1,"3":0,"4":0,"5":0,"6":1,"7":0},"f":{"0":1,"1":1,"2":0,"3":1,"4":0},"b":{},"_coverageSchema":"332fd63041d2c1bcb487cc26dd0d5f7d97098a6c","hash":"ecf88ea3f6459b52ca5a56b693a72460803ba40f"}
,"/Users/nicolaspeyrichou/Desktop/capstone/description-item/react-client/src/ListDesc.jsx": {"path":"/Users/nicolaspeyrichou/Desktop/capstone/description-item/react-client/src/ListDesc.jsx","statementMap":{"0":{"start":{"line":4,"column":17},"end":{"line":10,"column":1}},"1":{"start":{"line":5,"column":2},"end":{"line":9,"column":8}}},"fnMap":{"0":{"name":"(anonymous_0)","decl":{"start":{"line":4,"column":17},"end":{"line":4,"column":18}},"loc":{"start":{"line":5,"column":2},"end":{"line":9,"column":8}},"line":5}},"branchMap":{},"s":{"0":3,"1":3},"f":{"0":3},"b":{},"_coverageSchema":"332fd63041d2c1bcb487cc26dd0d5f7d97098a6c","hash":"56c85d8af0bb8e7bdb89dda800a10ff405092870"}
,"/Users/nicolaspeyrichou/Desktop/capstone/description-item/react-client/src/MainDesc.jsx": {"path":"/Users/nicolaspeyrichou/Desktop/capstone/description-item/react-client/src/MainDesc.jsx","statementMap":{"0":{"start":{"line":5,"column":17},"end":{"line":28,"column":1}},"1":{"start":{"line":6,"column":2},"end":{"line":27,"column":8}},"2":{"start":{"line":25,"column":37},"end":{"line":25,"column":66}},"3":{"start":{"line":30,"column":0},"end":{"line":39,"column":2}}},"fnMap":{"0":{"name":"(anonymous_0)","decl":{"start":{"line":5,"column":17},"end":{"line":5,"column":18}},"loc":{"start":{"line":6,"column":2},"end":{"line":27,"column":8}},"line":6},"1":{"name":"(anonymous_1)","decl":{"start":{"line":25,"column":32},"end":{"line":25,"column":33}},"loc":{"start":{"line":25,"column":37},"end":{"line":25,"column":66}},"line":25}},"branchMap":{"0":{"loc":{"start":{"line":15,"column":30},"end":{"line":17,"column":46}},"type":"cond-expr","locations":[{"start":{"line":16,"column":10},"end":{"line":16,"column":60}},{"start":{"line":17,"column":10},"end":{"line":17,"column":46}}],"line":15},"1":{"loc":{"start":{"line":22,"column":22},"end":{"line":22,"column":119}},"type":"cond-expr","locations":[{"start":{"line":22,"column":39},"end":{"line":22,"column":69}},{"start":{"line":22,"column":72},"end":{"line":22,"column":119}}],"line":22}},"s":{"0":2,"1":5,"2":5,"3":2},"f":{"0":5,"1":5},"b":{"0":[0,5],"1":[5,0]},"_coverageSchema":"332fd63041d2c1bcb487cc26dd0d5f7d97098a6c","hash":"d50a868f1811dc64ce045a5e049a2b691e47691b"}
,"/Users/nicolaspeyrichou/Desktop/capstone/description-item/server/app.js": {"path":"/Users/nicolaspeyrichou/Desktop/capstone/description-item/server/app.js","statementMap":{"0":{"start":{"line":1,"column":16},"end":{"line":1,"column":34}},"1":{"start":{"line":2,"column":19},"end":{"line":2,"column":41}},"2":{"start":{"line":3,"column":20},"end":{"line":3,"column":51}},"3":{"start":{"line":5,"column":12},"end":{"line":5,"column":21}},"4":{"start":{"line":7,"column":0},"end":{"line":7,"column":57}},"5":{"start":{"line":9,"column":0},"end":{"line":9,"column":27}},"6":{"start":{"line":11,"column":0},"end":{"line":11,"column":30}},"7":{"start":{"line":13,"column":0},"end":{"line":13,"column":21}}},"fnMap":{},"branchMap":{},"s":{"0":1,"1":1,"2":1,"3":1,"4":1,"5":1,"6":1,"7":1},"f":{},"b":{},"_coverageSchema":"332fd63041d2c1bcb487cc26dd0d5f7d97098a6c","hash":"5f1ad08fe1db7b9276353bce969ac0713bb0aeda"}
,"/Users/nicolaspeyrichou/Desktop/capstone/description-item/server/routes/description.js": {"path":"/Users/nicolaspeyrichou/Desktop/capstone/description-item/server/routes/description.js","statementMap":{"0":{"start":{"line":1,"column":16},"end":{"line":1,"column":34}},"1":{"start":{"line":2,"column":11},"end":{"line":2,"column":39}},"2":{"start":{"line":4,"column":15},"end":{"line":4,"column":31}},"3":{"start":{"line":6,"column":0},"end":{"line":14,"column":3}},"4":{"start":{"line":7,"column":17},"end":{"line":7,"column":27}},"5":{"start":{"line":8,"column":2},"end":{"line":13,"column":5}},"6":{"start":{"line":9,"column":4},"end":{"line":11,"column":5}},"7":{"start":{"line":10,"column":6},"end":{"line":10,"column":26}},"8":{"start":{"line":12,"column":4},"end":{"line":12,"column":22}},"9":{"start":{"line":16,"column":0},"end":{"line":16,"column":24}}},"fnMap":{"0":{"name":"(anonymous_0)","decl":{"start":{"line":6,"column":37},"end":{"line":6,"column":38}},"loc":{"start":{"line":6,"column":51},"end":{"line":14,"column":1}},"line":6},"1":{"name":"(anonymous_1)","decl":{"start":{"line":8,"column":24},"end":{"line":8,"column":25}},"loc":{"start":{"line":8,"column":42},"end":{"line":13,"column":3}},"line":8}},"branchMap":{"0":{"loc":{"start":{"line":9,"column":4},"end":{"line":11,"column":5}},"type":"if","locations":[{"start":{"line":9,"column":4},"end":{"line":11,"column":5}},{"start":{"line":9,"column":4},"end":{"line":11,"column":5}}],"line":9}},"s":{"0":1,"1":1,"2":1,"3":1,"4":0,"5":0,"6":0,"7":0,"8":0,"9":1},"f":{"0":0,"1":0},"b":{"0":[0,0]},"_coverageSchema":"332fd63041d2c1bcb487cc26dd0d5f7d97098a6c","hash":"d631db1e005cd026fff17520b00572e174efe1c5"}
,"/Users/nicolaspeyrichou/Desktop/capstone/description-item/spec/setupTests.js": {"path":"/Users/nicolaspeyrichou/Desktop/capstone/description-item/spec/setupTests.js","statementMap":{"0":{"start":{"line":4,"column":0},"end":{"line":4,"column":38}}},"fnMap":{},"branchMap":{},"s":{"0":6},"f":{},"b":{},"_coverageSchema":"332fd63041d2c1bcb487cc26dd0d5f7d97098a6c","hash":"e89600f21aac8e63d0dea964018dd4a3a1ddc7b1"}
}
