TN:
SF:/Users/nicolaspeyrichou/Desktop/capstone/description-item/data/seedDataGenerator.js
FN:38,(anonymous_0)
FN:44,(anonymous_1)
FN:51,(anonymous_2)
FN:54,(anonymous_3)
FN:63,(anonymous_4)
FN:63,(anonymous_5)
FNF:6
FNH:6
FNDA:2191,(anonymous_0)
FNDA:1,(anonymous_1)
FNDA:1893,(anonymous_2)
FNDA:301,(anonymous_3)
FNDA:1,(anonymous_4)
FNDA:300,(anonymous_5)
DA:1,1
DA:4,1
DA:5,1
DA:6,1
DA:7,1
DA:8,1
DA:9,1
DA:10,1
DA:11,1
DA:12,1
DA:13,1
DA:16,1
DA:17,1
DA:18,1
DA:19,1
DA:20,1
DA:21,1
DA:22,1
DA:23,1
DA:24,1
DA:25,1
DA:28,1
DA:31,1
DA:34,1
DA:38,1
DA:39,2191
DA:40,2191
DA:44,1
DA:45,1
DA:46,1
DA:47,1
DA:51,1893
DA:54,1
DA:55,301
DA:56,301
DA:57,1591
DA:59,301
DA:63,1
DA:64,300
DA:65,300
DA:66,0
DA:67,0
DA:68,0
DA:70,300
DA:71,0
DA:72,0
DA:73,0
DA:75,300
DA:76,0
DA:77,0
DA:78,0
DA:80,300
DA:81,0
DA:82,0
DA:83,0
DA:85,300
DA:86,0
DA:87,0
DA:88,0
DA:90,300
DA:91,0
DA:92,0
DA:93,0
DA:95,300
DA:96,0
DA:97,0
DA:98,0
DA:100,300
DA:101,0
DA:102,0
DA:103,0
DA:105,300
DA:106,0
DA:107,0
DA:108,0
DA:110,300
DA:111,0
DA:112,0
DA:113,0
DA:115,300
DA:116,300
DA:117,300
DA:118,300
DA:121,1
LF:84
LH:54
BRDA:65,0,0,0
BRDA:65,0,1,300
BRDA:70,1,0,0
BRDA:70,1,1,300
BRDA:75,2,0,0
BRDA:75,2,1,300
BRDA:80,3,0,0
BRDA:80,3,1,300
BRDA:85,4,0,0
BRDA:85,4,1,300
BRDA:90,5,0,0
BRDA:90,5,1,300
BRDA:95,6,0,0
BRDA:95,6,1,300
BRDA:100,7,0,0
BRDA:100,7,1,300
BRDA:105,8,0,0
BRDA:105,8,1,300
BRDA:110,9,0,0
BRDA:110,9,1,300
BRF:20
BRH:10
end_of_record
TN:
SF:/Users/nicolaspeyrichou/Desktop/capstone/description-item/db/database.js
FN:24,(anonymous_0)
FN:28,(anonymous_1)
FNF:2
FNH:0
FNDA:0,(anonymous_0)
FNDA:0,(anonymous_1)
DA:1,2
DA:3,2
DA:22,2
DA:24,2
DA:25,0
DA:28,2
DA:29,0
DA:32,2
DA:33,2
LF:9
LH:7
BRF:0
BRH:0
end_of_record
TN:
SF:/Users/nicolaspeyrichou/Desktop/capstone/description-item/react-client/api/fetch.js
FN:3,(anonymous_0)
FN:8,(anonymous_1)
FN:11,(anonymous_2)
FNF:3
FNH:2
FNDA:1,(anonymous_0)
FNDA:0,(anonymous_1)
FNDA:1,(anonymous_2)
DA:3,1
DA:4,1
DA:9,0
DA:11,1
LF:4
LH:3
BRF:0
BRH:0
end_of_record
TN:
SF:/Users/nicolaspeyrichou/Desktop/capstone/description-item/react-client/src/IndexDesc.jsx
FN:6,(anonymous_0)
FN:13,(anonymous_1)
FN:14,(anonymous_2)
FN:21,(anonymous_3)
FN:24,(anonymous_4)
FNF:5
FNH:3
FNDA:1,(anonymous_0)
FNDA:1,(anonymous_1)
FNDA:0,(anonymous_2)
FNDA:1,(anonymous_3)
FNDA:0,(anonymous_4)
DA:7,1
DA:8,1
DA:14,1
DA:15,0
DA:16,0
DA:17,0
DA:22,1
DA:24,0
LF:8
LH:4
BRF:0
BRH:0
end_of_record
TN:
SF:/Users/nicolaspeyrichou/Desktop/capstone/description-item/react-client/src/ListDesc.jsx
FN:4,(anonymous_0)
FNF:1
FNH:1
FNDA:3,(anonymous_0)
DA:4,3
DA:5,3
LF:2
LH:2
BRF:0
BRH:0
end_of_record
TN:
SF:/Users/nicolaspeyrichou/Desktop/capstone/description-item/react-client/src/MainDesc.jsx
FN:5,(anonymous_0)
FN:25,(anonymous_1)
FNF:2
FNH:2
FNDA:5,(anonymous_0)
FNDA:5,(anonymous_1)
DA:5,2
DA:6,5
DA:25,5
DA:30,2
LF:4
LH:4
BRDA:15,0,0,0
BRDA:15,0,1,5
BRDA:22,1,0,5
BRDA:22,1,1,0
BRF:4
BRH:2
end_of_record
TN:
SF:/Users/nicolaspeyrichou/Desktop/capstone/description-item/server/app.js
FNF:0
FNH:0
DA:1,1
DA:2,1
DA:3,1
DA:5,1
DA:7,1
DA:9,1
DA:11,1
DA:13,1
LF:8
LH:8
BRF:0
BRH:0
end_of_record
TN:
SF:/Users/nicolaspeyrichou/Desktop/capstone/description-item/server/routes/description.js
FN:6,(anonymous_0)
FN:8,(anonymous_1)
FNF:2
FNH:0
FNDA:0,(anonymous_0)
FNDA:0,(anonymous_1)
DA:1,1
DA:2,1
DA:4,1
DA:6,1
DA:7,0
DA:8,0
DA:9,0
DA:10,0
DA:12,0
DA:16,1
LF:10
LH:5
BRDA:9,0,0,0
BRDA:9,0,1,0
BRF:2
BRH:0
end_of_record
TN:
SF:/Users/nicolaspeyrichou/Desktop/capstone/description-item/spec/setupTests.js
FNF:0
FNH:0
DA:4,6
LF:1
LH:1
BRF:0
BRH:0
end_of_record
